[debug] [2024-12-18T13:39:05.465Z] : 
[debug] [2024-12-18T13:39:05.466Z] : ----------------------------------------------------------------------
[debug] [2024-12-18T13:39:05.466Z] : Command:      C:\Program Files\nodejs\node.exe C:\Users\Alex\AppData\Roaming\npm\node_modules\zcatalyst-cli\lib\bin\catalyst.js serve
[debug] [2024-12-18T13:39:05.467Z] : CLI Version:  1.18.0-beta.5
[debug] [2024-12-18T13:39:05.467Z] : Platform:     win32
[debug] [2024-12-18T13:39:05.468Z] : Node Version: v18.20.5
[debug] [2024-12-18T13:39:05.469Z] : Time:         Wed Dec 18 2024 19:09:05 GMT+0530 (India Standard Time)
[debug] [2024-12-18T13:39:05.470Z] : ----------------------------------------------------------------------
[debug] [2024-12-18T13:39:05.470Z] : 
[debug] [2024-12-18T13:39:05.928Z] : > authorizing via signed-in user option
[debug] [2024-12-18T13:39:05.928Z] : > command requires scopes: ["ZohoCatalyst.projects.ALL","ZohoCatalyst.apigateway.apis.READ","ZohoCatalyst.apigateway.READ","ZohoCatalyst.segments.ALL","ZohoCatalyst.cache.READ","ZohoCatalyst.cache.CREATE","ZohoCatalyst.cache.DELETE","ZohoCatalyst.projects.ALL","ZohoCatalyst.cron.ALL","ZohoCatalyst.zcql.CREATE","ZohoCatalyst.projects.users.READ","ZohoCatalyst.projects.users.CREATE","ZohoCatalyst.projects.users.DELETE","ZohoCatalyst.projects.users.UPDATE","ZohoCatalyst.authentication.CREATE","ZohoCatalyst.email.CREATE","ZohoCatalyst.tables.ALL","ZohoCatalyst.tables.rows.ALL","ZohoCatalyst.tables.columns.ALL","ZohoCatalyst.tables.bulk.CREATE","ZohoCatalyst.tables.bulk.READ","ZohoCatalyst.folders.ALL","ZohoCatalyst.files.CREATE","ZohoCatalyst.files.READ","ZohoCatalyst.files.DELETE","ZohoCatalyst.functions.ALL","ZohoCatalyst.functions.EXECUTE","ZohoCatalyst.eventlistners.ALL","ZohoCatalyst.eventlisteners.produce","ZohoCatalyst.security.rules.Read","ZohoCatalyst.security.rules.Update","ZohoCatalyst.notifications.mobile","ZohoCatalyst.notifications.web","ZohoCatalyst.search.READ","ZohoCatalyst.mlkit.READ","QuickML.deployment.READ","ZohoCatalyst.pdfshot.execute","ZohoCatalyst.dataverse.execute","ZohoCatalyst.circuits.execution.DELETE","ZohoCatalyst.circuits.execution.READ","ZohoCatalyst.circuits.execute","ZohoCatalyst.appsail.Read","ZohoCatalyst.jobpool.READ","ZohoCatalyst.job.ALL","ZohoCatalyst.nosql.READ","ZohoCatalyst.nosql.rows.ALL"]
[debug] [2024-12-18T13:39:05.948Z] : > refreshing access token <
[debug] [2024-12-18T13:39:05.951Z] : >>>> HTTP REQUEST : POST https://accounts.zoho.com/oauth/v2/token 
<request body omitted>

[debug] [2024-12-18T13:39:06.827Z] : <<<< HTTP RESPONSE : 200
Response Headers: {"server":"ZGS","date":"Wed, 18 Dec 2024 13:39:05 GMT","content-type":"application/json;charset=UTF-8","content-length":"2393","connection":"close","cache-control":"no-store","x-content-type-options":"nosniff","pragma":"no-cache","x-frame-options":"SAMEORIGIN","vary":"accept-encoding","content-language":"en-US","strict-transport-security":"max-age=63072000"}

[debug] [2024-12-18T13:39:06.846Z] : >>>> HTTP REQUEST : GET https://api.catalyst.zoho.com/baas/v1/project/24005000000069001 

[debug] [2024-12-18T13:39:07.628Z] : <<<< HTTP RESPONSE : 200
Response Headers: {"server":"ZGS","date":"Wed, 18 Dec 2024 13:39:06 GMT","content-type":"application/vnd.catalyst.v2+json","transfer-encoding":"chunked","connection":"close","x-content-type-options":"nosniff","x-xss-protection":"1","cache-control":"private,no-cache,no-store,max-age=0,must-revalidate","pragma":"no-cache","expires":"Thu, 01 Jan 1970 00:00:00 GMT","x-frame-options":"DENY","strict-transport-security":"max-age=63072000"}

[debug] [2024-12-18T13:39:07.630Z] : >>>> HTTP REQUEST : GET https://api.catalyst.zoho.com/baas/v1/project/24005000000069001/environment 

[debug] [2024-12-18T13:39:08.306Z] : <<<< HTTP RESPONSE : 200
Response Headers: {"server":"ZGS","date":"Wed, 18 Dec 2024 13:39:06 GMT","content-type":"application/vnd.catalyst.v2+json","transfer-encoding":"chunked","connection":"close","x-content-type-options":"nosniff","x-xss-protection":"1","cache-control":"private,no-cache,no-store,max-age=0,must-revalidate","pragma":"no-cache","expires":"Thu, 01 Jan 1970 00:00:00 GMT","x-frame-options":"DENY","strict-transport-security":"max-age=63072000"}

[debug] [2024-12-18T13:39:08.572Z] : >>>> HTTP REQUEST : GET https://api.catalyst.zoho.com/baas/v1/project/24005000000069001/function 
Query params: {"type":"basicio,event,cron,applogic,integration,browser_logic,job"}

[debug] [2024-12-18T13:39:09.255Z] : <<<< HTTP RESPONSE : 200
Response Headers: {"server":"ZGS","date":"Wed, 18 Dec 2024 13:39:07 GMT","content-type":"application/vnd.catalyst.v2+json","transfer-encoding":"chunked","connection":"close","x-content-type-options":"nosniff","x-xss-protection":"1","cache-control":"private,no-cache,no-store,max-age=0,must-revalidate","pragma":"no-cache","expires":"Thu, 01 Jan 1970 00:00:00 GMT","x-frame-options":"DENY","strict-transport-security":"max-age=63072000"}

[debug] [2024-12-18T13:39:09.260Z] : unknown eol undefined hence skipping check
[info] [2024-12-18T13:39:14.396Z] : [react-plugin]: Starting the development server...

[info] [2024-12-18T13:39:14.400Z] : 
[info] [2024-12-18T13:39:14.402Z] : i Client[fitnessvitaledge]: Plugin : "zcatalyst-cli-plugin-react" is used for client serve
[info] [2024-12-18T13:39:14.402Z] : 
[info] [2024-12-18T13:39:17.745Z] : 
[info] [2024-12-18T13:39:17.746Z] :  >>>>>>>>>>>>> AdvancedIO <<<<<<<<<<<< 
[info] [2024-12-18T13:39:17.747Z] : i fitness_vital_edge_function: http://localhost:3000/server/fitness_vital_edge_function/
[info] [2024-12-18T13:39:17.747Z] : 
[info] [2024-12-18T13:39:17.747Z] : 
[info] [2024-12-18T13:39:17.748Z] :  >>>>>>>>>>>>> Web Client <<<<<<<<<<<<
[info] [2024-12-18T13:39:17.748Z] : i client[fitnessvitaledge]: http://localhost:3000/app/
[info] [2024-12-18T13:39:17.749Z] : 
[info] [2024-12-18T13:39:25.283Z] : [react-plugin]: Failed to compile.

[info] [2024-12-18T13:39:25.283Z] : [react-plugin]: Module not found: Error: Can't resolve './logo.svg' in 'C:\Users\Alex\Vital_Edge\Fitness_vital_edge\Fitness-Vital-Edge\fitnessvitaledge\src'
[info] [2024-12-18T13:39:25.451Z] : [react-plugin]: Compiling...
