[debug] [2024-12-18T13:51:37.813Z] : 
[debug] [2024-12-18T13:51:37.815Z] : ----------------------------------------------------------------------
[debug] [2024-12-18T13:51:37.816Z] : Command:      C:\Program Files\nodejs\node.exe C:\Users\Alex\AppData\Roaming\npm\node_modules\zcatalyst-cli\lib\bin\catalyst.js run client:build
[debug] [2024-12-18T13:51:37.816Z] : CLI Version:  1.18.0-beta.5
[debug] [2024-12-18T13:51:37.817Z] : Platform:     win32
[debug] [2024-12-18T13:51:37.817Z] : Node Version: v18.20.5
[debug] [2024-12-18T13:51:37.819Z] : Time:         Wed Dec 18 2024 19:21:37 GMT+0530 (India Standard Time)
[debug] [2024-12-18T13:51:37.819Z] : ----------------------------------------------------------------------
[debug] [2024-12-18T13:51:37.819Z] : 
[debug] [2024-12-18T13:51:38.201Z] : > authorizing via signed-in user option
[debug] [2024-12-18T13:51:38.201Z] : > command requires scopes: ["ZohoCatalyst.projects.ALL"]
[debug] [2024-12-18T13:51:38.217Z] : >>>> HTTP REQUEST : GET https://api.catalyst.zoho.com/baas/v1/project/24005000000069001 

[debug] [2024-12-18T13:51:38.967Z] : <<<< HTTP RESPONSE : 200
Response Headers: {"server":"ZGS","date":"Wed, 18 Dec 2024 13:51:37 GMT","content-type":"application/vnd.catalyst.v2+json","transfer-encoding":"chunked","connection":"close","x-content-type-options":"nosniff","x-xss-protection":"1","cache-control":"private,no-cache,no-store,max-age=0,must-revalidate","pragma":"no-cache","expires":"Thu, 01 Jan 1970 00:00:00 GMT","x-frame-options":"DENY","strict-transport-security":"max-age=63072000"}

[debug] [2024-12-18T13:51:38.973Z] : >>>> HTTP REQUEST : GET https://api.catalyst.zoho.com/baas/v1/project/24005000000069001/environment 

[debug] [2024-12-18T13:51:39.669Z] : <<<< HTTP RESPONSE : 200
Response Headers: {"server":"ZGS","date":"Wed, 18 Dec 2024 13:51:38 GMT","content-type":"application/vnd.catalyst.v2+json","transfer-encoding":"chunked","connection":"close","x-content-type-options":"nosniff","x-xss-protection":"1","cache-control":"private,no-cache,no-store,max-age=0,must-revalidate","pragma":"no-cache","expires":"Thu, 01 Jan 1970 00:00:00 GMT","x-frame-options":"DENY","strict-transport-security":"max-age=63072000"}

[info] [2024-12-18T13:51:39.672Z] : 
[info] [2024-12-18T13:51:39.674Z] : Executing build script in C:\Users\Alex\Vital_Edge\Fitness_vital_edge\Fitness-Vital-Edge\fitnessvitaledge
[debug] [2024-12-18T13:51:39.674Z] : Executing command > cd client/app && yarn install && yarn build
[info] [2024-12-18T13:51:39.674Z] : > cd client/app && yarn install && yarn build
[info] [2024-12-18T13:51:39.741Z] : 
[error] [2024-12-18T13:51:39.742Z] : × Error: The script build exited with the exit code greater than 0 or with an error.
[debug] [2024-12-18T13:51:39.742Z] : Error Stack: CatalystError: The script exited with code greater than 0 or an error
    at executeCommand (C:\Users\Alex\AppData\Roaming\npm\node_modules\zcatalyst-cli\lib\execute-script.js:60:15)
    at exports.default (C:\Users\Alex\AppData\Roaming\npm\node_modules\zcatalyst-cli\lib\execute-script.js:118:12)
    at C:\Users\Alex\AppData\Roaming\npm\node_modules\zcatalyst-cli\lib\commands\run.js:55:104
    at Generator.next (<anonymous>)
    at fulfilled (C:\Users\Alex\AppData\Roaming\npm\node_modules\zcatalyst-cli\lib\commands\run.js:28:58)
    at process.processTicksAndRejections (node:internal/process/task_queues:95:5)
[debug] [2024-12-18T13:51:39.742Z] : Original Error: Error: {"status":1,"signal":null,"output":[null,null,null],"pid":10184,"stdout":null,"stderr":null,"error":{"code":"ENOENT","errno":"ENOENT","syscall":"spawnSync cd client/app && yarn install && yarn build","path":"cd client/app && yarn install && yarn build","spawnargs":[]}}
    at executeCommand (C:\Users\Alex\AppData\Roaming\npm\node_modules\zcatalyst-cli\lib\execute-script.js:62:23)
    at exports.default (C:\Users\Alex\AppData\Roaming\npm\node_modules\zcatalyst-cli\lib\execute-script.js:118:12)
    at C:\Users\Alex\AppData\Roaming\npm\node_modules\zcatalyst-cli\lib\commands\run.js:55:104
    at Generator.next (<anonymous>)
    at fulfilled (C:\Users\Alex\AppData\Roaming\npm\node_modules\zcatalyst-cli\lib\commands\run.js:28:58)
    at process.processTicksAndRejections (node:internal/process/task_queues:95:5)
[debug] [2024-12-18T13:51:39.743Z] : Error Status: 500
[info] [2024-12-18T13:51:39.743Z] : 
[error] [2024-12-18T13:51:39.746Z] : Execution Info: 
{
  "status": 1,
  "signal": null,
  "output": [
    null,
    null,
    null
  ],
  "pid": 10184,
  "stdout": null,
  "stderr": null,
  "error": {
    "code": "ENOENT",
    "errno": "ENOENT",
    "syscall": "spawnSync cd client/app && yarn install && yarn build",
    "path": "cd client/app && yarn install && yarn build",
    "spawnargs": []
  }
}
[info] [2024-12-18T13:51:39.748Z] : 
[error] [2024-12-18T13:51:39.749Z] : REF: https://www.zoho.com/catalyst/help/scripts.html#Run
[debug] [2024-12-18T13:51:39.750Z] : EXEC ENDED with event: Error (User), message: The script exited with code greater than 0 or an error
[debug] [2024-12-18T13:51:39.750Z] : TOTAL DURATION OF COMMAND EXEC : 1545
[debug] [2024-12-18T13:51:39.769Z] : >>>> HTTP REQUEST : POST https://api.catalyst.zoho.com/baas/v1/cli/logs 
<request body omitted>

[debug] [2024-12-18T13:51:41.122Z] : <<<< HTTP RESPONSE : 200
Response Headers: {"server":"ZGS","date":"Wed, 18 Dec 2024 13:51:39 GMT","content-length":"0","connection":"close","x-content-type-options":"nosniff","x-xss-protection":"1","cache-control":"private,no-cache,no-store,max-age=0,must-revalidate","pragma":"no-cache","expires":"Thu, 01 Jan 1970 00:00:00 GMT","x-frame-options":"DENY","strict-transport-security":"max-age=63072000"}

